<?xml version="1.0" encoding="UTF-8"?>
<testsuite name="DiamondPrinterTest" tests="5" skipped="0" failures="5" errors="0" timestamp="2023-05-07T20:41:57" hostname="WIN-IU9NNVEE25L" time="0.185">
  <properties/>
  <testcase name="testFourByFourDiamond" classname="DiamondPrinterTest" time="0.178">
    <failure message="java.lang.AssertionError: &#13;&#10;Expecting:&#13;&#10;  &lt;[&quot;3&quot;]&gt;&#13;&#10;to contain exactly (and in same order):&#13;&#10;  &lt;[&quot;   A   &quot;, &quot;  B B  &quot;, &quot; C   C &quot;, &quot;D     D&quot;, &quot; C   C &quot;, &quot;  B B  &quot;, &quot;   A   &quot;]&gt;&#13;&#10;but some elements were not found:&#13;&#10;  &lt;[&quot;   A   &quot;, &quot;  B B  &quot;, &quot; C   C &quot;, &quot;D     D&quot;, &quot; C   C &quot;, &quot;  B B  &quot;, &quot;   A   &quot;]&gt;&#13;&#10;and others were not expected:&#13;&#10;  &lt;[&quot;3&quot;]&gt;&#13;&#10;" type="java.lang.AssertionError">java.lang.AssertionError: 
Expecting:
  &lt;[&quot;3&quot;]&gt;
to contain exactly (and in same order):
  &lt;[&quot;   A   &quot;, &quot;  B B  &quot;, &quot; C   C &quot;, &quot;D     D&quot;, &quot; C   C &quot;, &quot;  B B  &quot;, &quot;   A   &quot;]&gt;
but some elements were not found:
  &lt;[&quot;   A   &quot;, &quot;  B B  &quot;, &quot; C   C &quot;, &quot;D     D&quot;, &quot; C   C &quot;, &quot;  B B  &quot;, &quot;   A   &quot;]&gt;
and others were not expected:
  &lt;[&quot;3&quot;]&gt;

	at DiamondPrinterTest.testFourByFourDiamond(DiamondPrinterTest.java:47)
	at java.base/jdk.internal.reflect.DirectMethodHandleAccessor.invoke(DirectMethodHandleAccessor.java:104)
	at java.base/java.lang.reflect.Method.invoke(Method.java:577)
	at org.junit.runners.model.FrameworkMethod$1.runReflectiveCall(FrameworkMethod.java:59)
	at org.junit.internal.runners.model.ReflectiveCallable.run(ReflectiveCallable.java:12)
	at org.junit.runners.model.FrameworkMethod.invokeExplosively(FrameworkMethod.java:56)
	at org.junit.internal.runners.statements.InvokeMethod.evaluate(InvokeMethod.java:17)
	at org.junit.internal.runners.statements.RunBefores.evaluate(RunBefores.java:26)
	at org.junit.runners.ParentRunner$3.evaluate(ParentRunner.java:306)
	at org.junit.runners.BlockJUnit4ClassRunner$1.evaluate(BlockJUnit4ClassRunner.java:100)
	at org.junit.runners.ParentRunner.runLeaf(ParentRunner.java:366)
	at org.junit.runners.BlockJUnit4ClassRunner.runChild(BlockJUnit4ClassRunner.java:103)
	at org.junit.runners.BlockJUnit4ClassRunner.runChild(BlockJUnit4ClassRunner.java:63)
	at org.junit.runners.ParentRunner$4.run(ParentRunner.java:331)
	at org.junit.runners.ParentRunner$1.schedule(ParentRunner.java:79)
	at org.junit.runners.ParentRunner.runChildren(ParentRunner.java:329)
	at org.junit.runners.ParentRunner.access$100(ParentRunner.java:66)
	at org.junit.runners.ParentRunner$2.evaluate(ParentRunner.java:293)
	at org.junit.runners.ParentRunner$3.evaluate(ParentRunner.java:306)
	at org.junit.runners.ParentRunner.run(ParentRunner.java:413)
	at org.gradle.api.internal.tasks.testing.junit.JUnitTestClassExecutor.runTestClass(JUnitTestClassExecutor.java:108)
	at org.gradle.api.internal.tasks.testing.junit.JUnitTestClassExecutor.execute(JUnitTestClassExecutor.java:58)
	at org.gradle.api.internal.tasks.testing.junit.JUnitTestClassExecutor.execute(JUnitTestClassExecutor.java:40)
	at org.gradle.api.internal.tasks.testing.junit.AbstractJUnitTestClassProcessor.processTestClass(AbstractJUnitTestClassProcessor.java:60)
	at org.gradle.api.internal.tasks.testing.SuiteTestClassProcessor.processTestClass(SuiteTestClassProcessor.java:52)
	at java.base/jdk.internal.reflect.DirectMethodHandleAccessor.invoke(DirectMethodHandleAccessor.java:104)
	at java.base/java.lang.reflect.Method.invoke(Method.java:577)
	at org.gradle.internal.dispatch.ReflectionDispatch.dispatch(ReflectionDispatch.java:36)
	at org.gradle.internal.dispatch.ReflectionDispatch.dispatch(ReflectionDispatch.java:24)
	at org.gradle.internal.dispatch.ContextClassLoaderDispatch.dispatch(ContextClassLoaderDispatch.java:33)
	at org.gradle.internal.dispatch.ProxyDispatchAdapter$DispatchingInvocationHandler.invoke(ProxyDispatchAdapter.java:94)
	at jdk.proxy1/jdk.proxy1.$Proxy2.processTestClass(Unknown Source)
	at org.gradle.api.internal.tasks.testing.worker.TestWorker$2.run(TestWorker.java:176)
	at org.gradle.api.internal.tasks.testing.worker.TestWorker.executeAndMaintainThreadName(TestWorker.java:129)
	at org.gradle.api.internal.tasks.testing.worker.TestWorker.execute(TestWorker.java:100)
	at org.gradle.api.internal.tasks.testing.worker.TestWorker.execute(TestWorker.java:60)
	at org.gradle.process.internal.worker.child.ActionExecutionWorker.execute(ActionExecutionWorker.java:56)
	at org.gradle.process.internal.worker.child.SystemApplicationClassLoaderWorker.call(SystemApplicationClassLoaderWorker.java:113)
	at org.gradle.process.internal.worker.child.SystemApplicationClassLoaderWorker.call(SystemApplicationClassLoaderWorker.java:65)
	at worker.org.gradle.process.internal.worker.GradleWorkerMain.run(GradleWorkerMain.java:69)
	at worker.org.gradle.process.internal.worker.GradleWorkerMain.main(GradleWorkerMain.java:74)
</failure>
  </testcase>
  <testcase name="testFullDiamond" classname="DiamondPrinterTest" time="0.003">
    <failure message="java.lang.AssertionError: &#13;&#10;Expecting:&#13;&#10;  &lt;[&quot;25&quot;]&gt;&#13;&#10;to contain exactly (and in same order):&#13;&#10;  &lt;[&quot;                         A                         &quot;,&#13;&#10;    &quot;                        B B                        &quot;,&#13;&#10;    &quot;                       C   C                       &quot;,&#13;&#10;    &quot;                      D     D                      &quot;,&#13;&#10;    &quot;                     E       E                     &quot;,&#13;&#10;    &quot;                    F         F                    &quot;,&#13;&#10;    &quot;                   G           G                   &quot;,&#13;&#10;    &quot;                  H             H                  &quot;,&#13;&#10;    &quot;                 I               I                 &quot;,&#13;&#10;    &quot;                J                 J                &quot;,&#13;&#10;    &quot;               K                   K               &quot;,&#13;&#10;    &quot;              L                     L              &quot;,&#13;&#10;    &quot;             M                       M             &quot;,&#13;&#10;    &quot;            N                         N            &quot;,&#13;&#10;    &quot;           O                           O           &quot;,&#13;&#10;    &quot;          P                             P          &quot;,&#13;&#10;    &quot;         Q                               Q         &quot;,&#13;&#10;    &quot;        R                                 R        &quot;,&#13;&#10;    &quot;       S                                   S       &quot;,&#13;&#10;    &quot;      T                                     T      &quot;,&#13;&#10;    &quot;     U                                       U     &quot;,&#13;&#10;    &quot;    V                                         V    &quot;,&#13;&#10;    &quot;   W                                           W   &quot;,&#13;&#10;    &quot;  X                                             X  &quot;,&#13;&#10;    &quot; Y                                               Y &quot;,&#13;&#10;    &quot;Z                                                 Z&quot;,&#13;&#10;    &quot; Y                                               Y &quot;,&#13;&#10;    &quot;  X                                             X  &quot;,&#13;&#10;    &quot;   W                                           W   &quot;,&#13;&#10;    &quot;    V                                         V    &quot;,&#13;&#10;    &quot;     U                                       U     &quot;,&#13;&#10;    &quot;      T                                     T      &quot;,&#13;&#10;    &quot;       S                                   S       &quot;,&#13;&#10;    &quot;        R                                 R        &quot;,&#13;&#10;    &quot;         Q                               Q         &quot;,&#13;&#10;    &quot;          P                             P          &quot;,&#13;&#10;    &quot;           O                           O           &quot;,&#13;&#10;    &quot;            N                         N            &quot;,&#13;&#10;    &quot;             M                       M             &quot;,&#13;&#10;    &quot;              L                     L              &quot;,&#13;&#10;    &quot;               K                   K               &quot;,&#13;&#10;    &quot;                J                 J                &quot;,&#13;&#10;    &quot;                 I               I                 &quot;,&#13;&#10;    &quot;                  H             H                  &quot;,&#13;&#10;    &quot;                   G           G                   &quot;,&#13;&#10;    &quot;                    F         F                    &quot;,&#13;&#10;    &quot;                     E       E                     &quot;,&#13;&#10;    &quot;                      D     D                      &quot;,&#13;&#10;    &quot;                       C   C                       &quot;,&#13;&#10;    &quot;                        B B                        &quot;,&#13;&#10;    &quot;                         A                         &quot;]&gt;&#13;&#10;but some elements were not found:&#13;&#10;  &lt;[&quot;                         A                         &quot;,&#13;&#10;    &quot;                        B B                        &quot;,&#13;&#10;    &quot;                       C   C                       &quot;,&#13;&#10;    &quot;                      D     D                      &quot;,&#13;&#10;    &quot;                     E       E                     &quot;,&#13;&#10;    &quot;                    F         F                    &quot;,&#13;&#10;    &quot;                   G           G                   &quot;,&#13;&#10;    &quot;                  H             H                  &quot;,&#13;&#10;    &quot;                 I               I                 &quot;,&#13;&#10;    &quot;                J                 J                &quot;,&#13;&#10;    &quot;               K                   K               &quot;,&#13;&#10;    &quot;              L                     L              &quot;,&#13;&#10;    &quot;             M                       M             &quot;,&#13;&#10;    &quot;            N                         N            &quot;,&#13;&#10;    &quot;           O                           O           &quot;,&#13;&#10;    &quot;          P                             P          &quot;,&#13;&#10;    &quot;         Q                               Q         &quot;,&#13;&#10;    &quot;        R                                 R        &quot;,&#13;&#10;    &quot;       S                                   S       &quot;,&#13;&#10;    &quot;      T                                     T      &quot;,&#13;&#10;    &quot;     U                                       U     &quot;,&#13;&#10;    &quot;    V                                         V    &quot;,&#13;&#10;    &quot;   W                                           W   &quot;,&#13;&#10;    &quot;  X                                             X  &quot;,&#13;&#10;    &quot; Y                                               Y &quot;,&#13;&#10;    &quot;Z                                                 Z&quot;,&#13;&#10;    &quot; Y                                               Y &quot;,&#13;&#10;    &quot;  X                                             X  &quot;,&#13;&#10;    &quot;   W                                           W   &quot;,&#13;&#10;    &quot;    V                                         V    &quot;,&#13;&#10;    &quot;     U                                       U     &quot;,&#13;&#10;    &quot;      T                                     T      &quot;,&#13;&#10;    &quot;       S                                   S       &quot;,&#13;&#10;    &quot;        R                                 R        &quot;,&#13;&#10;    &quot;         Q                               Q         &quot;,&#13;&#10;    &quot;          P                             P          &quot;,&#13;&#10;    &quot;           O                           O           &quot;,&#13;&#10;    &quot;            N                         N            &quot;,&#13;&#10;    &quot;             M                       M             &quot;,&#13;&#10;    &quot;              L                     L              &quot;,&#13;&#10;    &quot;               K                   K               &quot;,&#13;&#10;    &quot;                J                 J                &quot;,&#13;&#10;    &quot;                 I               I                 &quot;,&#13;&#10;    &quot;                  H             H                  &quot;,&#13;&#10;    &quot;                   G           G                   &quot;,&#13;&#10;    &quot;                    F         F                    &quot;,&#13;&#10;    &quot;                     E       E                     &quot;,&#13;&#10;    &quot;                      D     D                      &quot;,&#13;&#10;    &quot;                       C   C                       &quot;,&#13;&#10;    &quot;                        B B                        &quot;,&#13;&#10;    &quot;                         A                         &quot;]&gt;&#13;&#10;and others were not expected:&#13;&#10;  &lt;[&quot;25&quot;]&gt;&#13;&#10;" type="java.lang.AssertionError">java.lang.AssertionError: 
Expecting:
  &lt;[&quot;25&quot;]&gt;
to contain exactly (and in same order):
  &lt;[&quot;                         A                         &quot;,
    &quot;                        B B                        &quot;,
    &quot;                       C   C                       &quot;,
    &quot;                      D     D                      &quot;,
    &quot;                     E       E                     &quot;,
    &quot;                    F         F                    &quot;,
    &quot;                   G           G                   &quot;,
    &quot;                  H             H                  &quot;,
    &quot;                 I               I                 &quot;,
    &quot;                J                 J                &quot;,
    &quot;               K                   K               &quot;,
    &quot;              L                     L              &quot;,
    &quot;             M                       M             &quot;,
    &quot;            N                         N            &quot;,
    &quot;           O                           O           &quot;,
    &quot;          P                             P          &quot;,
    &quot;         Q                               Q         &quot;,
    &quot;        R                                 R        &quot;,
    &quot;       S                                   S       &quot;,
    &quot;      T                                     T      &quot;,
    &quot;     U                                       U     &quot;,
    &quot;    V                                         V    &quot;,
    &quot;   W                                           W   &quot;,
    &quot;  X                                             X  &quot;,
    &quot; Y                                               Y &quot;,
    &quot;Z                                                 Z&quot;,
    &quot; Y                                               Y &quot;,
    &quot;  X                                             X  &quot;,
    &quot;   W                                           W   &quot;,
    &quot;    V                                         V    &quot;,
    &quot;     U                                       U     &quot;,
    &quot;      T                                     T      &quot;,
    &quot;       S                                   S       &quot;,
    &quot;        R                                 R        &quot;,
    &quot;         Q                               Q         &quot;,
    &quot;          P                             P          &quot;,
    &quot;           O                           O           &quot;,
    &quot;            N                         N            &quot;,
    &quot;             M                       M             &quot;,
    &quot;              L                     L              &quot;,
    &quot;               K                   K               &quot;,
    &quot;                J                 J                &quot;,
    &quot;                 I               I                 &quot;,
    &quot;                  H             H                  &quot;,
    &quot;                   G           G                   &quot;,
    &quot;                    F         F                    &quot;,
    &quot;                     E       E                     &quot;,
    &quot;                      D     D                      &quot;,
    &quot;                       C   C                       &quot;,
    &quot;                        B B                        &quot;,
    &quot;                         A                         &quot;]&gt;
but some elements were not found:
  &lt;[&quot;                         A                         &quot;,
    &quot;                        B B                        &quot;,
    &quot;                       C   C                       &quot;,
    &quot;                      D     D                      &quot;,
    &quot;                     E       E                     &quot;,
    &quot;                    F         F                    &quot;,
    &quot;                   G           G                   &quot;,
    &quot;                  H             H                  &quot;,
    &quot;                 I               I                 &quot;,
    &quot;                J                 J                &quot;,
    &quot;               K                   K               &quot;,
    &quot;              L                     L              &quot;,
    &quot;             M                       M             &quot;,
    &quot;            N                         N            &quot;,
    &quot;           O                           O           &quot;,
    &quot;          P                             P          &quot;,
    &quot;         Q                               Q         &quot;,
    &quot;        R                                 R        &quot;,
    &quot;       S                                   S       &quot;,
    &quot;      T                                     T      &quot;,
    &quot;     U                                       U     &quot;,
    &quot;    V                                         V    &quot;,
    &quot;   W                                           W   &quot;,
    &quot;  X                                             X  &quot;,
    &quot; Y                                               Y &quot;,
    &quot;Z                                                 Z&quot;,
    &quot; Y                                               Y &quot;,
    &quot;  X                                             X  &quot;,
    &quot;   W                                           W   &quot;,
    &quot;    V                                         V    &quot;,
    &quot;     U                                       U     &quot;,
    &quot;      T                                     T      &quot;,
    &quot;       S                                   S       &quot;,
    &quot;        R                                 R        &quot;,
    &quot;         Q                               Q         &quot;,
    &quot;          P                             P          &quot;,
    &quot;           O                           O           &quot;,
    &quot;            N                         N            &quot;,
    &quot;             M                       M             &quot;,
    &quot;              L                     L              &quot;,
    &quot;               K                   K               &quot;,
    &quot;                J                 J                &quot;,
    &quot;                 I               I                 &quot;,
    &quot;                  H             H                  &quot;,
    &quot;                   G           G                   &quot;,
    &quot;                    F         F                    &quot;,
    &quot;                     E       E                     &quot;,
    &quot;                      D     D                      &quot;,
    &quot;                       C   C                       &quot;,
    &quot;                        B B                        &quot;,
    &quot;                         A                         &quot;]&gt;
and others were not expected:
  &lt;[&quot;25&quot;]&gt;

	at DiamondPrinterTest.testFullDiamond(DiamondPrinterTest.java:61)
	at java.base/jdk.internal.reflect.DirectMethodHandleAccessor.invoke(DirectMethodHandleAccessor.java:104)
	at java.base/java.lang.reflect.Method.invoke(Method.java:577)
	at org.junit.runners.model.FrameworkMethod$1.runReflectiveCall(FrameworkMethod.java:59)
	at org.junit.internal.runners.model.ReflectiveCallable.run(ReflectiveCallable.java:12)
	at org.junit.runners.model.FrameworkMethod.invokeExplosively(FrameworkMethod.java:56)
	at org.junit.internal.runners.statements.InvokeMethod.evaluate(InvokeMethod.java:17)
	at org.junit.internal.runners.statements.RunBefores.evaluate(RunBefores.java:26)
	at org.junit.runners.ParentRunner$3.evaluate(ParentRunner.java:306)
	at org.junit.runners.BlockJUnit4ClassRunner$1.evaluate(BlockJUnit4ClassRunner.java:100)
	at org.junit.runners.ParentRunner.runLeaf(ParentRunner.java:366)
	at org.junit.runners.BlockJUnit4ClassRunner.runChild(BlockJUnit4ClassRunner.java:103)
	at org.junit.runners.BlockJUnit4ClassRunner.runChild(BlockJUnit4ClassRunner.java:63)
	at org.junit.runners.ParentRunner$4.run(ParentRunner.java:331)
	at org.junit.runners.ParentRunner$1.schedule(ParentRunner.java:79)
	at org.junit.runners.ParentRunner.runChildren(ParentRunner.java:329)
	at org.junit.runners.ParentRunner.access$100(ParentRunner.java:66)
	at org.junit.runners.ParentRunner$2.evaluate(ParentRunner.java:293)
	at org.junit.runners.ParentRunner$3.evaluate(ParentRunner.java:306)
	at org.junit.runners.ParentRunner.run(ParentRunner.java:413)
	at org.gradle.api.internal.tasks.testing.junit.JUnitTestClassExecutor.runTestClass(JUnitTestClassExecutor.java:108)
	at org.gradle.api.internal.tasks.testing.junit.JUnitTestClassExecutor.execute(JUnitTestClassExecutor.java:58)
	at org.gradle.api.internal.tasks.testing.junit.JUnitTestClassExecutor.execute(JUnitTestClassExecutor.java:40)
	at org.gradle.api.internal.tasks.testing.junit.AbstractJUnitTestClassProcessor.processTestClass(AbstractJUnitTestClassProcessor.java:60)
	at org.gradle.api.internal.tasks.testing.SuiteTestClassProcessor.processTestClass(SuiteTestClassProcessor.java:52)
	at java.base/jdk.internal.reflect.DirectMethodHandleAccessor.invoke(DirectMethodHandleAccessor.java:104)
	at java.base/java.lang.reflect.Method.invoke(Method.java:577)
	at org.gradle.internal.dispatch.ReflectionDispatch.dispatch(ReflectionDispatch.java:36)
	at org.gradle.internal.dispatch.ReflectionDispatch.dispatch(ReflectionDispatch.java:24)
	at org.gradle.internal.dispatch.ContextClassLoaderDispatch.dispatch(ContextClassLoaderDispatch.java:33)
	at org.gradle.internal.dispatch.ProxyDispatchAdapter$DispatchingInvocationHandler.invoke(ProxyDispatchAdapter.java:94)
	at jdk.proxy1/jdk.proxy1.$Proxy2.processTestClass(Unknown Source)
	at org.gradle.api.internal.tasks.testing.worker.TestWorker$2.run(TestWorker.java:176)
	at org.gradle.api.internal.tasks.testing.worker.TestWorker.executeAndMaintainThreadName(TestWorker.java:129)
	at org.gradle.api.internal.tasks.testing.worker.TestWorker.execute(TestWorker.java:100)
	at org.gradle.api.internal.tasks.testing.worker.TestWorker.execute(TestWorker.java:60)
	at org.gradle.process.internal.worker.child.ActionExecutionWorker.execute(ActionExecutionWorker.java:56)
	at org.gradle.process.internal.worker.child.SystemApplicationClassLoaderWorker.call(SystemApplicationClassLoaderWorker.java:113)
	at org.gradle.process.internal.worker.child.SystemApplicationClassLoaderWorker.call(SystemApplicationClassLoaderWorker.java:65)
	at worker.org.gradle.process.internal.worker.GradleWorkerMain.run(GradleWorkerMain.java:69)
	at worker.org.gradle.process.internal.worker.GradleWorkerMain.main(GradleWorkerMain.java:74)
</failure>
  </testcase>
  <testcase name="testThreeByThreeDiamond" classname="DiamondPrinterTest" time="0.001">
    <failure message="java.lang.AssertionError: &#13;&#10;Expecting:&#13;&#10;  &lt;[&quot;2&quot;]&gt;&#13;&#10;to contain exactly (and in same order):&#13;&#10;  &lt;[&quot;  A  &quot;, &quot; B B &quot;, &quot;C   C&quot;, &quot; B B &quot;, &quot;  A  &quot;]&gt;&#13;&#10;but some elements were not found:&#13;&#10;  &lt;[&quot;  A  &quot;, &quot; B B &quot;, &quot;C   C&quot;, &quot; B B &quot;, &quot;  A  &quot;]&gt;&#13;&#10;and others were not expected:&#13;&#10;  &lt;[&quot;2&quot;]&gt;&#13;&#10;" type="java.lang.AssertionError">java.lang.AssertionError: 
Expecting:
  &lt;[&quot;2&quot;]&gt;
to contain exactly (and in same order):
  &lt;[&quot;  A  &quot;, &quot; B B &quot;, &quot;C   C&quot;, &quot; B B &quot;, &quot;  A  &quot;]&gt;
but some elements were not found:
  &lt;[&quot;  A  &quot;, &quot; B B &quot;, &quot;C   C&quot;, &quot; B B &quot;, &quot;  A  &quot;]&gt;
and others were not expected:
  &lt;[&quot;2&quot;]&gt;

	at DiamondPrinterTest.testThreeByThreeDiamond(DiamondPrinterTest.java:35)
	at java.base/jdk.internal.reflect.DirectMethodHandleAccessor.invoke(DirectMethodHandleAccessor.java:104)
	at java.base/java.lang.reflect.Method.invoke(Method.java:577)
	at org.junit.runners.model.FrameworkMethod$1.runReflectiveCall(FrameworkMethod.java:59)
	at org.junit.internal.runners.model.ReflectiveCallable.run(ReflectiveCallable.java:12)
	at org.junit.runners.model.FrameworkMethod.invokeExplosively(FrameworkMethod.java:56)
	at org.junit.internal.runners.statements.InvokeMethod.evaluate(InvokeMethod.java:17)
	at org.junit.internal.runners.statements.RunBefores.evaluate(RunBefores.java:26)
	at org.junit.runners.ParentRunner$3.evaluate(ParentRunner.java:306)
	at org.junit.runners.BlockJUnit4ClassRunner$1.evaluate(BlockJUnit4ClassRunner.java:100)
	at org.junit.runners.ParentRunner.runLeaf(ParentRunner.java:366)
	at org.junit.runners.BlockJUnit4ClassRunner.runChild(BlockJUnit4ClassRunner.java:103)
	at org.junit.runners.BlockJUnit4ClassRunner.runChild(BlockJUnit4ClassRunner.java:63)
	at org.junit.runners.ParentRunner$4.run(ParentRunner.java:331)
	at org.junit.runners.ParentRunner$1.schedule(ParentRunner.java:79)
	at org.junit.runners.ParentRunner.runChildren(ParentRunner.java:329)
	at org.junit.runners.ParentRunner.access$100(ParentRunner.java:66)
	at org.junit.runners.ParentRunner$2.evaluate(ParentRunner.java:293)
	at org.junit.runners.ParentRunner$3.evaluate(ParentRunner.java:306)
	at org.junit.runners.ParentRunner.run(ParentRunner.java:413)
	at org.gradle.api.internal.tasks.testing.junit.JUnitTestClassExecutor.runTestClass(JUnitTestClassExecutor.java:108)
	at org.gradle.api.internal.tasks.testing.junit.JUnitTestClassExecutor.execute(JUnitTestClassExecutor.java:58)
	at org.gradle.api.internal.tasks.testing.junit.JUnitTestClassExecutor.execute(JUnitTestClassExecutor.java:40)
	at org.gradle.api.internal.tasks.testing.junit.AbstractJUnitTestClassProcessor.processTestClass(AbstractJUnitTestClassProcessor.java:60)
	at org.gradle.api.internal.tasks.testing.SuiteTestClassProcessor.processTestClass(SuiteTestClassProcessor.java:52)
	at java.base/jdk.internal.reflect.DirectMethodHandleAccessor.invoke(DirectMethodHandleAccessor.java:104)
	at java.base/java.lang.reflect.Method.invoke(Method.java:577)
	at org.gradle.internal.dispatch.ReflectionDispatch.dispatch(ReflectionDispatch.java:36)
	at org.gradle.internal.dispatch.ReflectionDispatch.dispatch(ReflectionDispatch.java:24)
	at org.gradle.internal.dispatch.ContextClassLoaderDispatch.dispatch(ContextClassLoaderDispatch.java:33)
	at org.gradle.internal.dispatch.ProxyDispatchAdapter$DispatchingInvocationHandler.invoke(ProxyDispatchAdapter.java:94)
	at jdk.proxy1/jdk.proxy1.$Proxy2.processTestClass(Unknown Source)
	at org.gradle.api.internal.tasks.testing.worker.TestWorker$2.run(TestWorker.java:176)
	at org.gradle.api.internal.tasks.testing.worker.TestWorker.executeAndMaintainThreadName(TestWorker.java:129)
	at org.gradle.api.internal.tasks.testing.worker.TestWorker.execute(TestWorker.java:100)
	at org.gradle.api.internal.tasks.testing.worker.TestWorker.execute(TestWorker.java:60)
	at org.gradle.process.internal.worker.child.ActionExecutionWorker.execute(ActionExecutionWorker.java:56)
	at org.gradle.process.internal.worker.child.SystemApplicationClassLoaderWorker.call(SystemApplicationClassLoaderWorker.java:113)
	at org.gradle.process.internal.worker.child.SystemApplicationClassLoaderWorker.call(SystemApplicationClassLoaderWorker.java:65)
	at worker.org.gradle.process.internal.worker.GradleWorkerMain.run(GradleWorkerMain.java:69)
	at worker.org.gradle.process.internal.worker.GradleWorkerMain.main(GradleWorkerMain.java:74)
</failure>
  </testcase>
  <testcase name="testOneByOneDiamond" classname="DiamondPrinterTest" time="0.001">
    <failure message="java.lang.AssertionError: &#13;&#10;Expecting:&#13;&#10;  &lt;[&quot;0&quot;]&gt;&#13;&#10;to contain exactly (and in same order):&#13;&#10;  &lt;[&quot;A&quot;]&gt;&#13;&#10;but some elements were not found:&#13;&#10;  &lt;[&quot;A&quot;]&gt;&#13;&#10;and others were not expected:&#13;&#10;  &lt;[&quot;0&quot;]&gt;&#13;&#10;" type="java.lang.AssertionError">java.lang.AssertionError: 
Expecting:
  &lt;[&quot;0&quot;]&gt;
to contain exactly (and in same order):
  &lt;[&quot;A&quot;]&gt;
but some elements were not found:
  &lt;[&quot;A&quot;]&gt;
and others were not expected:
  &lt;[&quot;0&quot;]&gt;

	at DiamondPrinterTest.testOneByOneDiamond(DiamondPrinterTest.java:19)
	at java.base/jdk.internal.reflect.DirectMethodHandleAccessor.invoke(DirectMethodHandleAccessor.java:104)
	at java.base/java.lang.reflect.Method.invoke(Method.java:577)
	at org.junit.runners.model.FrameworkMethod$1.runReflectiveCall(FrameworkMethod.java:59)
	at org.junit.internal.runners.model.ReflectiveCallable.run(ReflectiveCallable.java:12)
	at org.junit.runners.model.FrameworkMethod.invokeExplosively(FrameworkMethod.java:56)
	at org.junit.internal.runners.statements.InvokeMethod.evaluate(InvokeMethod.java:17)
	at org.junit.internal.runners.statements.RunBefores.evaluate(RunBefores.java:26)
	at org.junit.runners.ParentRunner$3.evaluate(ParentRunner.java:306)
	at org.junit.runners.BlockJUnit4ClassRunner$1.evaluate(BlockJUnit4ClassRunner.java:100)
	at org.junit.runners.ParentRunner.runLeaf(ParentRunner.java:366)
	at org.junit.runners.BlockJUnit4ClassRunner.runChild(BlockJUnit4ClassRunner.java:103)
	at org.junit.runners.BlockJUnit4ClassRunner.runChild(BlockJUnit4ClassRunner.java:63)
	at org.junit.runners.ParentRunner$4.run(ParentRunner.java:331)
	at org.junit.runners.ParentRunner$1.schedule(ParentRunner.java:79)
	at org.junit.runners.ParentRunner.runChildren(ParentRunner.java:329)
	at org.junit.runners.ParentRunner.access$100(ParentRunner.java:66)
	at org.junit.runners.ParentRunner$2.evaluate(ParentRunner.java:293)
	at org.junit.runners.ParentRunner$3.evaluate(ParentRunner.java:306)
	at org.junit.runners.ParentRunner.run(ParentRunner.java:413)
	at org.gradle.api.internal.tasks.testing.junit.JUnitTestClassExecutor.runTestClass(JUnitTestClassExecutor.java:108)
	at org.gradle.api.internal.tasks.testing.junit.JUnitTestClassExecutor.execute(JUnitTestClassExecutor.java:58)
	at org.gradle.api.internal.tasks.testing.junit.JUnitTestClassExecutor.execute(JUnitTestClassExecutor.java:40)
	at org.gradle.api.internal.tasks.testing.junit.AbstractJUnitTestClassProcessor.processTestClass(AbstractJUnitTestClassProcessor.java:60)
	at org.gradle.api.internal.tasks.testing.SuiteTestClassProcessor.processTestClass(SuiteTestClassProcessor.java:52)
	at java.base/jdk.internal.reflect.DirectMethodHandleAccessor.invoke(DirectMethodHandleAccessor.java:104)
	at java.base/java.lang.reflect.Method.invoke(Method.java:577)
	at org.gradle.internal.dispatch.ReflectionDispatch.dispatch(ReflectionDispatch.java:36)
	at org.gradle.internal.dispatch.ReflectionDispatch.dispatch(ReflectionDispatch.java:24)
	at org.gradle.internal.dispatch.ContextClassLoaderDispatch.dispatch(ContextClassLoaderDispatch.java:33)
	at org.gradle.internal.dispatch.ProxyDispatchAdapter$DispatchingInvocationHandler.invoke(ProxyDispatchAdapter.java:94)
	at jdk.proxy1/jdk.proxy1.$Proxy2.processTestClass(Unknown Source)
	at org.gradle.api.internal.tasks.testing.worker.TestWorker$2.run(TestWorker.java:176)
	at org.gradle.api.internal.tasks.testing.worker.TestWorker.executeAndMaintainThreadName(TestWorker.java:129)
	at org.gradle.api.internal.tasks.testing.worker.TestWorker.execute(TestWorker.java:100)
	at org.gradle.api.internal.tasks.testing.worker.TestWorker.execute(TestWorker.java:60)
	at org.gradle.process.internal.worker.child.ActionExecutionWorker.execute(ActionExecutionWorker.java:56)
	at org.gradle.process.internal.worker.child.SystemApplicationClassLoaderWorker.call(SystemApplicationClassLoaderWorker.java:113)
	at org.gradle.process.internal.worker.child.SystemApplicationClassLoaderWorker.call(SystemApplicationClassLoaderWorker.java:65)
	at worker.org.gradle.process.internal.worker.GradleWorkerMain.run(GradleWorkerMain.java:69)
	at worker.org.gradle.process.internal.worker.GradleWorkerMain.main(GradleWorkerMain.java:74)
</failure>
  </testcase>
  <testcase name="testTwoByTwoDiamond" classname="DiamondPrinterTest" time="0.001">
    <failure message="java.lang.AssertionError: &#13;&#10;Expecting:&#13;&#10;  &lt;[&quot;1&quot;]&gt;&#13;&#10;to contain exactly (and in same order):&#13;&#10;  &lt;[&quot; A &quot;, &quot;B B&quot;, &quot; A &quot;]&gt;&#13;&#10;but some elements were not found:&#13;&#10;  &lt;[&quot; A &quot;, &quot;B B&quot;, &quot; A &quot;]&gt;&#13;&#10;and others were not expected:&#13;&#10;  &lt;[&quot;1&quot;]&gt;&#13;&#10;" type="java.lang.AssertionError">java.lang.AssertionError: 
Expecting:
  &lt;[&quot;1&quot;]&gt;
to contain exactly (and in same order):
  &lt;[&quot; A &quot;, &quot;B B&quot;, &quot; A &quot;]&gt;
but some elements were not found:
  &lt;[&quot; A &quot;, &quot;B B&quot;, &quot; A &quot;]&gt;
and others were not expected:
  &lt;[&quot;1&quot;]&gt;

	at DiamondPrinterTest.testTwoByTwoDiamond(DiamondPrinterTest.java:25)
	at java.base/jdk.internal.reflect.DirectMethodHandleAccessor.invoke(DirectMethodHandleAccessor.java:104)
	at java.base/java.lang.reflect.Method.invoke(Method.java:577)
	at org.junit.runners.model.FrameworkMethod$1.runReflectiveCall(FrameworkMethod.java:59)
	at org.junit.internal.runners.model.ReflectiveCallable.run(ReflectiveCallable.java:12)
	at org.junit.runners.model.FrameworkMethod.invokeExplosively(FrameworkMethod.java:56)
	at org.junit.internal.runners.statements.InvokeMethod.evaluate(InvokeMethod.java:17)
	at org.junit.internal.runners.statements.RunBefores.evaluate(RunBefores.java:26)
	at org.junit.runners.ParentRunner$3.evaluate(ParentRunner.java:306)
	at org.junit.runners.BlockJUnit4ClassRunner$1.evaluate(BlockJUnit4ClassRunner.java:100)
	at org.junit.runners.ParentRunner.runLeaf(ParentRunner.java:366)
	at org.junit.runners.BlockJUnit4ClassRunner.runChild(BlockJUnit4ClassRunner.java:103)
	at org.junit.runners.BlockJUnit4ClassRunner.runChild(BlockJUnit4ClassRunner.java:63)
	at org.junit.runners.ParentRunner$4.run(ParentRunner.java:331)
	at org.junit.runners.ParentRunner$1.schedule(ParentRunner.java:79)
	at org.junit.runners.ParentRunner.runChildren(ParentRunner.java:329)
	at org.junit.runners.ParentRunner.access$100(ParentRunner.java:66)
	at org.junit.runners.ParentRunner$2.evaluate(ParentRunner.java:293)
	at org.junit.runners.ParentRunner$3.evaluate(ParentRunner.java:306)
	at org.junit.runners.ParentRunner.run(ParentRunner.java:413)
	at org.gradle.api.internal.tasks.testing.junit.JUnitTestClassExecutor.runTestClass(JUnitTestClassExecutor.java:108)
	at org.gradle.api.internal.tasks.testing.junit.JUnitTestClassExecutor.execute(JUnitTestClassExecutor.java:58)
	at org.gradle.api.internal.tasks.testing.junit.JUnitTestClassExecutor.execute(JUnitTestClassExecutor.java:40)
	at org.gradle.api.internal.tasks.testing.junit.AbstractJUnitTestClassProcessor.processTestClass(AbstractJUnitTestClassProcessor.java:60)
	at org.gradle.api.internal.tasks.testing.SuiteTestClassProcessor.processTestClass(SuiteTestClassProcessor.java:52)
	at java.base/jdk.internal.reflect.DirectMethodHandleAccessor.invoke(DirectMethodHandleAccessor.java:104)
	at java.base/java.lang.reflect.Method.invoke(Method.java:577)
	at org.gradle.internal.dispatch.ReflectionDispatch.dispatch(ReflectionDispatch.java:36)
	at org.gradle.internal.dispatch.ReflectionDispatch.dispatch(ReflectionDispatch.java:24)
	at org.gradle.internal.dispatch.ContextClassLoaderDispatch.dispatch(ContextClassLoaderDispatch.java:33)
	at org.gradle.internal.dispatch.ProxyDispatchAdapter$DispatchingInvocationHandler.invoke(ProxyDispatchAdapter.java:94)
	at jdk.proxy1/jdk.proxy1.$Proxy2.processTestClass(Unknown Source)
	at org.gradle.api.internal.tasks.testing.worker.TestWorker$2.run(TestWorker.java:176)
	at org.gradle.api.internal.tasks.testing.worker.TestWorker.executeAndMaintainThreadName(TestWorker.java:129)
	at org.gradle.api.internal.tasks.testing.worker.TestWorker.execute(TestWorker.java:100)
	at org.gradle.api.internal.tasks.testing.worker.TestWorker.execute(TestWorker.java:60)
	at org.gradle.process.internal.worker.child.ActionExecutionWorker.execute(ActionExecutionWorker.java:56)
	at org.gradle.process.internal.worker.child.SystemApplicationClassLoaderWorker.call(SystemApplicationClassLoaderWorker.java:113)
	at org.gradle.process.internal.worker.child.SystemApplicationClassLoaderWorker.call(SystemApplicationClassLoaderWorker.java:65)
	at worker.org.gradle.process.internal.worker.GradleWorkerMain.run(GradleWorkerMain.java:69)
	at worker.org.gradle.process.internal.worker.GradleWorkerMain.main(GradleWorkerMain.java:74)
</failure>
  </testcase>
  <system-out><![CDATA[]]></system-out>
  <system-err><![CDATA[]]></system-err>
</testsuite>
